Arguments: 
  C:\Program Files\nodejs\node.exe C:\Program Files (x86)\Yarn\bin\yarn.js add sendbird

PATH: 
  C:\Program Files (x86)\Common Files\Oracle\Java\javapath;C:\Program Files (x86)\Common Files\NetSarang;C:\Program Files (x86)\Intel\iCLS Client\;C:\Program Files\Intel\iCLS Client\;C:\WINDOWS\system32;C:\WINDOWS;C:\WINDOWS\System32\Wbem;C:\WINDOWS\System32\WindowsPowerShell\v1.0\;C:\Program Files (x86)\Intel\Intel(R) Management Engine Components\DAL;C:\Program Files\Intel\Intel(R) Management Engine Components\DAL;C:\Program Files (x86)\Intel\Intel(R) Management Engine Components\IPT;C:\Program Files\Intel\Intel(R) Management Engine Components\IPT;C:\Program Files (x86)\GtkSharp\2.12\bin;C:\Users\hp\.dnx\bin;C:\Program Files\Microsoft DNX\Dnvm\;C:\Program Files\Microsoft SQL Server\130\Tools\Binn\;C:\Program Files\TortoiseSVN\bin;C:\Python27;C:\Program Files (x86)\Windows Live\Shared;C:\WINDOWS\System32\OpenSSH\;C:\Program Files (x86)\Microsoft VS Code\bin;C:\Program Files\Git\cmd;C:\Program Files\nodejs\;C:\Program Files (x86)\Windows Kits\8.1\Windows Performance Toolkit\;C:\Users\hp\AppData\Local\Android\Sdk\platform-tools;C:\ProgramData\chocolatey\bin;C:\Program Files (x86)\Yarn\bin\;C:\Users\hp\AppData\Local\Microsoft\WindowsApps;;C:\Program Files (x86)\Microsoft VS Code\bin;C:\Users\hp\AppData\Roaming\npm;C:\Users\hp\AppData\Local\Yarn\bin

Yarn version: 
  1.17.3

Node version: 
  10.16.0

Platform: 
  win32 x64

Trace: 
  Error: https://github.com/expo/react-native/archive/sdk-33.0.0.tar.gz: unexpected end of file
      at Zlib.zlibOnError [as onerror] (zlib.js:162:17)

npm manifest: 
  {
    "name": "ReactNativeMessager",
    "version": "2.0.1",
    "private": true,
    "author": "AndyC",
    "main": "node_modules/expo/AppEntry.js",
    "scripts": {
      "start": "expo start",
      "start:dev": "npm run env:set -- dev && npm start -- -c",
      "start:prod": "npm run env:set -- prod && npm start -- -c",
      "env:set": "./scripts/environment/set-env.sh",
      "build": "tsc -p ./tsconfig.json",
      "clean": "rimraf ./dist",
      "lint": "tslint -p ./tsconfig.json",
      "lint:fix": "npm run lint -- --fix",
      "ci:install": "npm ci",
      "ci:lint": "npm run lint",
      "ci:build": "npm run env:set -- prod && npm run build",
      "conventional-changelog": "conventional-changelog",
      "version:changelog": "npm run conventional-changelog -- -i ./CHANGELOG.md -s"
    },
    "dependencies": {
      "@eva-design/eva": "^1.0.1",
      "expo": "^33.0.6",
      "expo-analytics": "^1.0.8",
      "expo-camera": "^5.0.1",
      "expo-constants": "^5.0.1",
      "expo-media-library": "^5.0.1",
      "expo-permissions": "^5.0.1",
      "react": "^16.8.3",
      "react-dom": "^16.9.0",
      "react-native": "https://github.com/expo/react-native/archive/sdk-33.0.0.tar.gz",
      "react-native-keyboard-aware-scroll-view": "^0.8.0",
      "react-native-ui-kitten": "^4.1.0",
      "react-native-web": "^0.11.7",
      "react-navigation": "^3.11.0"
    },
    "devDependencies": {
      "@babel/core": "^7.1.2",
      "@babel/runtime": "^7.1.2",
      "@types/react": "^16.8.19",
      "@types/react-native": "^0.57.60",
      "@types/react-navigation": "^3.0.7",
      "babel-core": "^7.0.0-bridge.0",
      "babel-plugin-module-resolver": "^3.2.0",
      "conventional-changelog-cli": "^2.0.21",
      "husky": "^1.1.2",
      "rimraf": "^2.6.2",
      "tslint": "^5.12.1",
      "typescript": "^3.5.1"
    }
  }

yarn manifest: 
  No manifest

Lockfile: 
  No lockfile
